2022-10-29 18:34:12,992 - INFO - ----------------------------------
2022-10-29 18:34:12,992 - INFO - ----Empisurvie Python Launcher----
2022-10-29 18:34:12,992 - INFO - ----------------------------------
2022-10-29 18:34:12,992 - INFO -             Console
2022-10-29 18:34:12,992 - INFO - Importation des libs...
2022-10-29 18:34:13,065 - INFO - [Libs] Colorama OK
2022-10-29 18:34:13,138 - INFO - [Libs] Tkinter OK
2022-10-29 18:34:13,341 - INFO - [Libs] WGET OK
2022-10-29 18:34:13,422 - INFO - [Libs] PIL OK
2022-10-29 18:34:13,422 - INFO - [Libs] re OK
2022-10-29 18:34:13,422 - INFO - [Libs] os OK
2022-10-29 18:34:13,422 - INFO - Répertoire de minecraft: C:\Users\BRETAUDEAU Loïc\AppData\Roaming\PyLaunchr\Empisurvie
2022-10-29 18:34:13,422 - INFO - Répertoire du jeu trouvé
2022-10-29 18:34:13,422 - INFO - Répertoire de téléchargement trouvé
2022-10-29 18:34:13,422 - INFO - Lancement de la recherche des mises à jour...
2022-10-29 18:34:13,753 - DEBUG - Starting new HTTPS connection (1): www.google.fr:443
2022-10-29 18:34:14,061 - DEBUG - https://www.google.fr:443 "GET / HTTP/1.1" 200 None
2022-10-29 18:34:14,077 - DEBUG - Starting new HTTP connection (1): 185.171.202.142:80
2022-10-29 18:34:14,141 - DEBUG - http://185.171.202.142:80 "GET /minecraft HTTP/1.1" 301 322
2022-10-29 18:34:14,174 - DEBUG - http://185.171.202.142:80 "GET /minecraft/ HTTP/1.1" 200 1589
2022-10-29 18:34:14,247 - INFO - [Initialisation] Fichiers requis trouvés
2022-10-29 18:34:14,247 - INFO - [Initialisation] Création de la fenêtre principale
2022-10-29 18:34:14,706 - DEBUG - STREAM b'IHDR' 16 13
2022-10-29 18:34:14,706 - DEBUG - STREAM b'sRGB' 41 1
2022-10-29 18:34:14,706 - DEBUG - STREAM b'gAMA' 54 4
2022-10-29 18:34:14,706 - DEBUG - STREAM b'pHYs' 70 9
2022-10-29 18:34:14,706 - DEBUG - STREAM b'IDAT' 91 65445
2022-10-29 18:34:14,820 - DEBUG - STREAM b'IHDR' 16 13
2022-10-29 18:34:14,820 - DEBUG - STREAM b'sRGB' 41 1
2022-10-29 18:34:14,820 - DEBUG - STREAM b'gAMA' 54 4
2022-10-29 18:34:14,820 - DEBUG - STREAM b'pHYs' 70 9
2022-10-29 18:34:14,820 - DEBUG - STREAM b'IDAT' 91 46210
2022-10-29 18:34:14,860 - DEBUG - STREAM b'IHDR' 16 13
2022-10-29 18:34:14,860 - DEBUG - STREAM b'sRGB' 41 1
2022-10-29 18:34:14,860 - DEBUG - STREAM b'gAMA' 54 4
2022-10-29 18:34:14,860 - DEBUG - STREAM b'pHYs' 70 9
2022-10-29 18:34:14,860 - DEBUG - STREAM b'IDAT' 91 6977
2022-10-29 18:34:14,868 - DEBUG - STREAM b'IHDR' 16 13
2022-10-29 18:34:14,876 - DEBUG - STREAM b'iTXt' 41 331
2022-10-29 18:34:14,876 - DEBUG - STREAM b'IDAT' 384 1209
2022-10-29 18:34:14,876 - DEBUG - STREAM b'IHDR' 16 13
2022-10-29 18:34:14,876 - DEBUG - STREAM b'iTXt' 41 331
2022-10-29 18:34:14,876 - DEBUG - STREAM b'IDAT' 384 2509
2022-10-29 18:34:14,884 - DEBUG - STREAM b'IHDR' 16 13
2022-10-29 18:34:14,884 - DEBUG - STREAM b'pHYs' 41 9
2022-10-29 18:34:14,884 - DEBUG - STREAM b'IDAT' 62 2319
2022-10-29 18:34:14,892 - DEBUG - STREAM b'IHDR' 16 13
2022-10-29 18:34:14,892 - DEBUG - STREAM b'iTXt' 41 331
2022-10-29 18:34:14,892 - DEBUG - STREAM b'IDAT' 384 1101
2022-10-29 18:34:32,052 - INFO - [Auth] Autentification réussi
2022-10-29 18:34:32,060 - INFO - [MainInstaller] Installation du jeu ignoré, lancement du jeu...
2022-10-29 18:34:32,060 - INFO - [Initalisation] initialisation du jeu
2022-10-29 18:34:32,237 - INFO - Version de l'archive à jour:
2022-10-29 18:34:32,237 - INFO - 
2022-10-29 18:34:32,237 - INFO - Version de l'acrhive actuellement installé:
2022-10-29 18:34:32,237 - INFO - 
2022-10-29 18:34:32,237 - INFO - [ModsInstaller] Version du pack à jour!
2022-10-29 18:34:37,409 - INFO - Arret du launcher.
2022-10-29 18:55:15,625 - INFO - ----------------------------------
2022-10-29 18:55:15,625 - INFO - ----Empisurvie Python Launcher----
2022-10-29 18:55:15,625 - INFO - ----------------------------------
2022-10-29 18:55:15,625 - INFO -             {]Logs[}
2022-10-29 18:55:15,633 - INFO - Importation des libs...
2022-10-29 18:55:15,674 - INFO - [Libs] Colorama OK
2022-10-29 18:55:15,780 - INFO - [Libs] Tkinter OK
2022-10-29 18:55:15,989 - INFO - [Libs] WGET OK
2022-10-29 18:55:16,062 - INFO - [Libs] PIL OK
2022-10-29 18:55:16,062 - INFO - [Libs] re OK
2022-10-29 18:55:16,062 - INFO - [Libs] os OK
2022-10-29 18:55:16,062 - INFO - Répertoire de minecraft: C:\Users\BRETAUDEAU Loïc\AppData\Roaming\PyLaunchr\Empisurvie
2022-10-29 18:55:16,062 - INFO - Répertoire du jeu trouvé
2022-10-29 18:55:16,062 - INFO - Répertoire de téléchargement trouvé
2022-10-29 18:55:16,062 - INFO - Lancement de la recherche des mises à jour...
2022-10-29 18:55:16,353 - INFO - Tentative de connexion aux serveurs...
2022-10-29 18:55:16,361 - DEBUG - Starting new HTTPS connection (1): www.google.fr:443
2022-10-29 18:55:16,670 - DEBUG - https://www.google.fr:443 "GET / HTTP/1.1" 200 None
2022-10-29 18:55:16,679 - INFO - Client en ligne
2022-10-29 18:55:16,679 - DEBUG - Starting new HTTP connection (1): 185.171.202.142:80
2022-10-29 18:55:16,749 - DEBUG - http://185.171.202.142:80 "GET /minecraft HTTP/1.1" 301 322
2022-10-29 18:55:16,782 - DEBUG - http://185.171.202.142:80 "GET /minecraft/ HTTP/1.1" 200 1589
2022-10-29 18:55:16,782 - INFO - Serveur en ligne!
2022-10-29 18:55:16,863 - INFO - Version à jour!
2022-10-29 18:55:16,863 - INFO - [Initialisation] Fichiers requis trouvés
2022-10-29 18:55:16,863 - INFO - [Initialisation] Création de la fenêtre principale
2022-10-29 18:55:17,258 - DEBUG - STREAM b'IHDR' 16 13
2022-10-29 18:55:17,258 - DEBUG - STREAM b'sRGB' 41 1
2022-10-29 18:55:17,258 - DEBUG - STREAM b'gAMA' 54 4
2022-10-29 18:55:17,258 - DEBUG - STREAM b'pHYs' 70 9
2022-10-29 18:55:17,258 - DEBUG - STREAM b'IDAT' 91 65445
2022-10-29 18:55:17,364 - DEBUG - STREAM b'IHDR' 16 13
2022-10-29 18:55:17,364 - DEBUG - STREAM b'sRGB' 41 1
2022-10-29 18:55:17,364 - DEBUG - STREAM b'gAMA' 54 4
2022-10-29 18:55:17,364 - DEBUG - STREAM b'pHYs' 70 9
2022-10-29 18:55:17,364 - DEBUG - STREAM b'IDAT' 91 46210
2022-10-29 18:55:17,412 - DEBUG - STREAM b'IHDR' 16 13
2022-10-29 18:55:17,412 - DEBUG - STREAM b'sRGB' 41 1
2022-10-29 18:55:17,412 - DEBUG - STREAM b'gAMA' 54 4
2022-10-29 18:55:17,412 - DEBUG - STREAM b'pHYs' 70 9
2022-10-29 18:55:17,412 - DEBUG - STREAM b'IDAT' 91 6977
2022-10-29 18:55:17,420 - DEBUG - STREAM b'IHDR' 16 13
2022-10-29 18:55:17,428 - DEBUG - STREAM b'iTXt' 41 331
2022-10-29 18:55:17,428 - DEBUG - STREAM b'IDAT' 384 1209
2022-10-29 18:55:17,428 - DEBUG - STREAM b'IHDR' 16 13
2022-10-29 18:55:17,428 - DEBUG - STREAM b'iTXt' 41 331
2022-10-29 18:55:17,428 - DEBUG - STREAM b'IDAT' 384 2509
2022-10-29 18:55:17,436 - DEBUG - STREAM b'IHDR' 16 13
2022-10-29 18:55:17,436 - DEBUG - STREAM b'pHYs' 41 9
2022-10-29 18:55:17,436 - DEBUG - STREAM b'IDAT' 62 2319
2022-10-29 18:55:17,436 - DEBUG - STREAM b'IHDR' 16 13
2022-10-29 18:55:17,444 - DEBUG - STREAM b'iTXt' 41 331
2022-10-29 18:55:17,444 - DEBUG - STREAM b'IDAT' 384 1101
2022-10-29 18:55:32,456 - INFO - [Auth] Création d'un nouveau compte
2022-10-29 18:55:32,456 - INFO - [AuthCreate] Nom d'utilisateur valide
2022-10-29 18:55:32,456 - INFO - [AuthCreate] Nouveau nom d'utilisateur : auracreeper
2022-10-29 18:55:32,456 - INFO - [AuthCreate] Ecriture du nom d'utilisateur
2022-10-29 18:55:38,437 - INFO - [Auth] Autentification réussi
2022-10-29 18:55:38,437 - INFO - [MainInstaller] Installation du jeu ignoré, lancement du jeu...
2022-10-29 18:55:38,437 - INFO - [Initalisation] initialisation du jeu
2022-10-29 18:55:38,590 - INFO - Version de l'archive à jour:
2022-10-29 18:55:38,590 - INFO - 
2022-10-29 18:55:38,590 - INFO - Version de l'acrhive actuellement installé:
2022-10-29 18:55:38,590 - INFO - 
2022-10-29 18:55:38,590 - INFO - [ModsInstaller] Version du pack à jour!
2022-10-29 18:55:38,711 - INFO - Version de minecraft: 1.12.2
2022-10-29 18:55:38,711 - INFO - Préparation du lancement du jeu
2022-10-29 18:55:38,711 - INFO - Ram:
2022-10-29 18:55:38,711 - INFO - 
2022-10-29 18:55:38,711 - INFO - Assemblage des options de lancement java et données du joueur
2022-10-29 18:55:38,711 - INFO - Recherche de l'id de version...
2022-10-29 18:55:38,711 - INFO - PS: Voir l'id de version pour jouer en modée
2022-10-29 18:55:38,719 - INFO - ID DE VERSION:
2022-10-29 18:55:38,719 - INFO - [{'id': '1.12.2', 'type': 'release', 'releaseTime': datetime.datetime(2017, 9, 18, 8, 39, 46, tzinfo=datetime.timezone.utc)}, {'id': '1.12.2-forge-14.23.5.2860', 'type': 'release', 'releaseTime': datetime.datetime(2021, 12, 13, 4, 40, 3, tzinfo=datetime.timezone.utc)}]
2022-10-29 18:55:38,719 - INFO - Génération de la commande de lancement du jeu
2022-10-29 18:55:38,807 - INFO - ---Commande de lancement du jeu---
2022-10-29 18:55:38,807 - INFO - ['C:\\Users\\BRETAUDEAU Loïc\\AppData\\Roaming\\PyLaunchr\\Empisurvie\\runtime\\jre-legacy\\windows-x64\\jre-legacy\\bin\\java.exe', '-Xmx2G', '-Xms2G', '-Djava.library.path=C:\\Users\\BRETAUDEAU Loïc\\AppData\\Roaming\\PyLaunchr\\Empisurvie\\versions\\1.12.2-forge-14.23.5.2860\\natives', '-cp', 'C:\\Users\\BRETAUDEAU Loïc\\AppData\\Roaming\\PyLaunchr\\Empisurvie\\libraries\\net\\minecraftforge\\forge\\1.12.2-14.23.5.2860\\forge-1.12.2-14.23.5.2860.jar;C:\\Users\\BRETAUDEAU Loïc\\AppData\\Roaming\\PyLaunchr\\Empisurvie\\libraries\\org\\ow2\\asm\\asm-debug-all\\5.2\\asm-debug-all-5.2.jar;C:\\Users\\BRETAUDEAU Loïc\\AppData\\Roaming\\PyLaunchr\\Empisurvie\\libraries\\net\\minecraft\\launchwrapper\\1.12\\launchwrapper-1.12.jar;C:\\Users\\BRETAUDEAU Loïc\\AppData\\Roaming\\PyLaunchr\\Empisurvie\\libraries\\org\\jline\\jline\\3.5.1\\jline-3.5.1.jar;C:\\Users\\BRETAUDEAU Loïc\\AppData\\Roaming\\PyLaunchr\\Empisurvie\\libraries\\com\\typesafe\\akka\\akka-actor_2.11\\2.3.3\\akka-actor_2.11-2.3.3.jar;C:\\Users\\BRETAUDEAU Loïc\\AppData\\Roaming\\PyLaunchr\\Empisurvie\\libraries\\com\\typesafe\\config\\1.2.1\\config-1.2.1.jar;C:\\Users\\BRETAUDEAU Loïc\\AppData\\Roaming\\PyLaunchr\\Empisurvie\\libraries\\org\\scala-lang\\scala-actors-migration_2.11\\1.1.0\\scala-actors-migration_2.11-1.1.0.jar;C:\\Users\\BRETAUDEAU Loïc\\AppData\\Roaming\\PyLaunchr\\Empisurvie\\libraries\\org\\scala-lang\\scala-compiler\\2.11.1\\scala-compiler-2.11.1.jar;C:\\Users\\BRETAUDEAU Loïc\\AppData\\Roaming\\PyLaunchr\\Empisurvie\\libraries\\org\\scala-lang\\plugins\\scala-continuations-library_2.11\\1.0.2_mc\\scala-continuations-library_2.11-1.0.2_mc.jar;C:\\Users\\BRETAUDEAU Loïc\\AppData\\Roaming\\PyLaunchr\\Empisurvie\\libraries\\org\\scala-lang\\plugins\\scala-continuations-plugin_2.11.1\\1.0.2_mc\\scala-continuations-plugin_2.11.1-1.0.2_mc.jar;C:\\Users\\BRETAUDEAU Loïc\\AppData\\Roaming\\PyLaunchr\\Empisurvie\\libraries\\org\\scala-lang\\scala-library\\2.11.1\\scala-library-2.11.1.jar;C:\\Users\\BRETAUDEAU Loïc\\AppData\\Roaming\\PyLaunchr\\Empisurvie\\libraries\\org\\scala-lang\\scala-parser-combinators_2.11\\1.0.1\\scala-parser-combinators_2.11-1.0.1.jar;C:\\Users\\BRETAUDEAU Loïc\\AppData\\Roaming\\PyLaunchr\\Empisurvie\\libraries\\org\\scala-lang\\scala-reflect\\2.11.1\\scala-reflect-2.11.1.jar;C:\\Users\\BRETAUDEAU Loïc\\AppData\\Roaming\\PyLaunchr\\Empisurvie\\libraries\\org\\scala-lang\\scala-swing_2.11\\1.0.1\\scala-swing_2.11-1.0.1.jar;C:\\Users\\BRETAUDEAU Loïc\\AppData\\Roaming\\PyLaunchr\\Empisurvie\\libraries\\org\\scala-lang\\scala-xml_2.11\\1.0.2\\scala-xml_2.11-1.0.2.jar;C:\\Users\\BRETAUDEAU Loïc\\AppData\\Roaming\\PyLaunchr\\Empisurvie\\libraries\\lzma\\lzma\\0.0.1\\lzma-0.0.1.jar;C:\\Users\\BRETAUDEAU Loïc\\AppData\\Roaming\\PyLaunchr\\Empisurvie\\libraries\\java3d\\vecmath\\1.5.2\\vecmath-1.5.2.jar;C:\\Users\\BRETAUDEAU Loïc\\AppData\\Roaming\\PyLaunchr\\Empisurvie\\libraries\\net\\sf\\trove4j\\trove4j\\3.0.3\\trove4j-3.0.3.jar;C:\\Users\\BRETAUDEAU Loïc\\AppData\\Roaming\\PyLaunchr\\Empisurvie\\libraries\\org\\apache\\maven\\maven-artifact\\3.5.3\\maven-artifact-3.5.3.jar;C:\\Users\\BRETAUDEAU Loïc\\AppData\\Roaming\\PyLaunchr\\Empisurvie\\libraries\\net\\sf\\jopt-simple\\jopt-simple\\5.0.3\\jopt-simple-5.0.3.jar;C:\\Users\\BRETAUDEAU Loïc\\AppData\\Roaming\\PyLaunchr\\Empisurvie\\libraries\\org\\apache\\logging\\log4j\\log4j-api\\2.15.0\\log4j-api-2.15.0.jar;C:\\Users\\BRETAUDEAU Loïc\\AppData\\Roaming\\PyLaunchr\\Empisurvie\\libraries\\org\\apache\\logging\\log4j\\log4j-core\\2.15.0\\log4j-core-2.15.0.jar;C:\\Users\\BRETAUDEAU Loïc\\AppData\\Roaming\\PyLaunchr\\Empisurvie\\libraries\\com\\mojang\\patchy\\1.3.9\\patchy-1.3.9.jar;C:\\Users\\BRETAUDEAU Loïc\\AppData\\Roaming\\PyLaunchr\\Empisurvie\\libraries\\oshi-project\\oshi-core\\1.1\\oshi-core-1.1.jar;C:\\Users\\BRETAUDEAU Loïc\\AppData\\Roaming\\PyLaunchr\\Empisurvie\\libraries\\net\\java\\dev\\jna\\jna\\4.4.0\\jna-4.4.0.jar;C:\\Users\\BRETAUDEAU Loïc\\AppData\\Roaming\\PyLaunchr\\Empisurvie\\libraries\\net\\java\\dev\\jna\\platform\\3.4.0\\platform-3.4.0.jar;C:\\Users\\BRETAUDEAU Loïc\\AppData\\Roaming\\PyLaunchr\\Empisurvie\\libraries\\com\\ibm\\icu\\icu4j-core-mojang\\51.2\\icu4j-core-mojang-51.2.jar;C:\\Users\\BRETAUDEAU Loïc\\AppData\\Roaming\\PyLaunchr\\Empisurvie\\libraries\\net\\sf\\jopt-simple\\jopt-simple\\5.0.3\\jopt-simple-5.0.3.jar;C:\\Users\\BRETAUDEAU Loïc\\AppData\\Roaming\\PyLaunchr\\Empisurvie\\libraries\\com\\paulscode\\codecjorbis\\20101023\\codecjorbis-20101023.jar;C:\\Users\\BRETAUDEAU Loïc\\AppData\\Roaming\\PyLaunchr\\Empisurvie\\libraries\\com\\paulscode\\codecwav\\20101023\\codecwav-20101023.jar;C:\\Users\\BRETAUDEAU Loïc\\AppData\\Roaming\\PyLaunchr\\Empisurvie\\libraries\\com\\paulscode\\libraryjavasound\\20101123\\libraryjavasound-20101123.jar;C:\\Users\\BRETAUDEAU Loïc\\AppData\\Roaming\\PyLaunchr\\Empisurvie\\libraries\\com\\paulscode\\librarylwjglopenal\\20100824\\librarylwjglopenal-20100824.jar;C:\\Users\\BRETAUDEAU Loïc\\AppData\\Roaming\\PyLaunchr\\Empisurvie\\libraries\\com\\paulscode\\soundsystem\\20120107\\soundsystem-20120107.jar;C:\\Users\\BRETAUDEAU Loïc\\AppData\\Roaming\\PyLaunchr\\Empisurvie\\libraries\\io\\netty\\netty-all\\4.1.9.Final\\netty-all-4.1.9.Final.jar;C:\\Users\\BRETAUDEAU Loïc\\AppData\\Roaming\\PyLaunchr\\Empisurvie\\libraries\\com\\google\\guava\\guava\\21.0\\guava-21.0.jar;C:\\Users\\BRETAUDEAU Loïc\\AppData\\Roaming\\PyLaunchr\\Empisurvie\\libraries\\org\\apache\\commons\\commons-lang3\\3.5\\commons-lang3-3.5.jar;C:\\Users\\BRETAUDEAU Loïc\\AppData\\Roaming\\PyLaunchr\\Empisurvie\\libraries\\commons-io\\commons-io\\2.5\\commons-io-2.5.jar;C:\\Users\\BRETAUDEAU Loïc\\AppData\\Roaming\\PyLaunchr\\Empisurvie\\libraries\\commons-codec\\commons-codec\\1.10\\commons-codec-1.10.jar;C:\\Users\\BRETAUDEAU Loïc\\AppData\\Roaming\\PyLaunchr\\Empisurvie\\libraries\\net\\java\\jinput\\jinput\\2.0.5\\jinput-2.0.5.jar;C:\\Users\\BRETAUDEAU Loïc\\AppData\\Roaming\\PyLaunchr\\Empisurvie\\libraries\\net\\java\\jutils\\jutils\\1.0.0\\jutils-1.0.0.jar;C:\\Users\\BRETAUDEAU Loïc\\AppData\\Roaming\\PyLaunchr\\Empisurvie\\libraries\\com\\google\\code\\gson\\gson\\2.8.0\\gson-2.8.0.jar;C:\\Users\\BRETAUDEAU Loïc\\AppData\\Roaming\\PyLaunchr\\Empisurvie\\libraries\\com\\mojang\\authlib\\1.5.25\\authlib-1.5.25.jar;C:\\Users\\BRETAUDEAU Loïc\\AppData\\Roaming\\PyLaunchr\\Empisurvie\\libraries\\com\\mojang\\realms\\1.10.22\\realms-1.10.22.jar;C:\\Users\\BRETAUDEAU Loïc\\AppData\\Roaming\\PyLaunchr\\Empisurvie\\libraries\\org\\apache\\commons\\commons-compress\\1.8.1\\commons-compress-1.8.1.jar;C:\\Users\\BRETAUDEAU Loïc\\AppData\\Roaming\\PyLaunchr\\Empisurvie\\libraries\\org\\apache\\httpcomponents\\httpclient\\4.3.3\\httpclient-4.3.3.jar;C:\\Users\\BRETAUDEAU Loïc\\AppData\\Roaming\\PyLaunchr\\Empisurvie\\libraries\\commons-logging\\commons-logging\\1.1.3\\commons-logging-1.1.3.jar;C:\\Users\\BRETAUDEAU Loïc\\AppData\\Roaming\\PyLaunchr\\Empisurvie\\libraries\\org\\apache\\httpcomponents\\httpcore\\4.3.2\\httpcore-4.3.2.jar;C:\\Users\\BRETAUDEAU Loïc\\AppData\\Roaming\\PyLaunchr\\Empisurvie\\libraries\\it\\unimi\\dsi\\fastutil\\7.1.0\\fastutil-7.1.0.jar;C:\\Users\\BRETAUDEAU Loïc\\AppData\\Roaming\\PyLaunchr\\Empisurvie\\libraries\\org\\apache\\logging\\log4j\\log4j-api\\2.8.1\\log4j-api-2.8.1.jar;C:\\Users\\BRETAUDEAU Loïc\\AppData\\Roaming\\PyLaunchr\\Empisurvie\\libraries\\org\\apache\\logging\\log4j\\log4j-core\\2.8.1\\log4j-core-2.8.1.jar;C:\\Users\\BRETAUDEAU Loïc\\AppData\\Roaming\\PyLaunchr\\Empisurvie\\libraries\\org\\lwjgl\\lwjgl\\lwjgl\\2.9.4-nightly-20150209\\lwjgl-2.9.4-nightly-20150209.jar;C:\\Users\\BRETAUDEAU Loïc\\AppData\\Roaming\\PyLaunchr\\Empisurvie\\libraries\\org\\lwjgl\\lwjgl\\lwjgl_util\\2.9.4-nightly-20150209\\lwjgl_util-2.9.4-nightly-20150209.jar;C:\\Users\\BRETAUDEAU Loïc\\AppData\\Roaming\\PyLaunchr\\Empisurvie\\libraries\\org\\lwjgl\\lwjgl\\lwjgl-platform\\2.9.4-nightly-20150209\\lwjgl-platform-2.9.4-nightly-20150209.jar;C:\\Users\\BRETAUDEAU Loïc\\AppData\\Roaming\\PyLaunchr\\Empisurvie\\libraries\\org/lwjgl/lwjgl/lwjgl-platform/2.9.4-nightly-20150209/lwjgl-platform-2.9.4-nightly-20150209-natives-windows.jar;C:\\Users\\BRETAUDEAU Loïc\\AppData\\Roaming\\PyLaunchr\\Empisurvie\\libraries\\net\\java\\jinput\\jinput-platform\\2.0.5\\jinput-platform-2.0.5.jar;C:\\Users\\BRETAUDEAU Loïc\\AppData\\Roaming\\PyLaunchr\\Empisurvie\\libraries\\net/java/jinput/jinput-platform/2.0.5/jinput-platform-2.0.5-natives-windows.jar;C:\\Users\\BRETAUDEAU Loïc\\AppData\\Roaming\\PyLaunchr\\Empisurvie\\libraries\\com\\mojang\\text2speech\\1.10.3\\text2speech-1.10.3.jar;C:\\Users\\BRETAUDEAU Loïc\\AppData\\Roaming\\PyLaunchr\\Empisurvie\\libraries\\com\\mojang\\text2speech\\1.10.3\\text2speech-1.10.3.jar;C:\\Users\\BRETAUDEAU Loïc\\AppData\\Roaming\\PyLaunchr\\Empisurvie\\libraries\\com/mojang/text2speech/1.10.3/text2speech-1.10.3-natives-windows.jar;C:\\Users\\BRETAUDEAU Loïc\\AppData\\Roaming\\PyLaunchr\\Empisurvie\\versions\\1.12.2-forge-14.23.5.2860\\1.12.2-forge-14.23.5.2860.jar', 'net.minecraft.launchwrapper.Launch', '--username', 'auracreeper', '--version', '1.12.2-forge-14.23.5.2860', '--gameDir', 'C:\\Users\\BRETAUDEAU Loïc\\AppData\\Roaming\\PyLaunchr\\Empisurvie', '--assetsDir', 'C:\\Users\\BRETAUDEAU Loïc\\AppData\\Roaming\\PyLaunchr\\Empisurvie\\assets', '--assetIndex', '1.12', '--uuid', 'pylauchr1auracreeper', '--accessToken', '', '--userType', 'mojang', '--tweakClass', 'net.minecraftforge.fml.common.launcher.FMLTweaker', '--versionType', 'Forge']
2022-10-29 18:55:38,807 - INFO - ----------------------------------
2022-10-29 18:55:38,807 - INFO - Lancement du jeu...
2022-10-29 18:55:47,859 - INFO - Arret du launcher.
