[18:55:41] [main/INFO] [LaunchWrapper]: Loading tweak class name net.minecraftforge.fml.common.launcher.FMLTweaker
[18:55:41] [main/INFO] [LaunchWrapper]: Using primary tweak class name net.minecraftforge.fml.common.launcher.FMLTweaker
[18:55:41] [main/INFO] [LaunchWrapper]: Calling tweak class net.minecraftforge.fml.common.launcher.FMLTweaker
[18:55:41] [main/INFO] [FML]: Forge Mod Loader version 14.23.5.2860 for Minecraft 1.12.2 loading
[18:55:41] [main/INFO] [FML]: Java is Java HotSpot(TM) 64-Bit Server VM, version 1.8.0_51, running on Windows 8.1:amd64:6.3, installed at C:\Users\BRETAUDEAU Loïc\AppData\Roaming\PyLaunchr\Empisurvie\runtime\jre-legacy\windows-x64\jre-legacy
[18:55:42] [main/INFO] [FML]: Searching C:\Users\BRETAUDEAU Loïc\AppData\Roaming\PyLaunchr\Empisurvie\mods for mods
[18:55:42] [main/INFO] [FML]: Searching C:\Users\BRETAUDEAU Loïc\AppData\Roaming\PyLaunchr\Empisurvie\mods\1.12.2 for mods
[18:55:43] [main/INFO] [FML]: Loading tweaker org.spongepowered.asm.launch.MixinTweaker from _mixinbootstrap-1.1.0.jar
[18:55:43] [main/WARN] [FML]: Found FMLCorePluginContainsFMLMod marker in aquaacrobatics-1.14.4.jar. This is not recommended, @Mods should be in a separate jar from the coremod.
[18:55:43] [main/WARN] [FML]: The coremod Aqua Acrobatics Transformer (com.fuzs.aquaacrobatics.core.AquaAcrobaticsCore) is not signed!
[18:55:43] [main/INFO] [FML]: Loading tweaker org.spongepowered.asm.launch.MixinTweaker from auudio-1.0.3.jar
[18:55:43] [main/INFO] [FML]: Loading tweaker org.spongepowered.asm.launch.MixinTweaker from fancymenu-2.12.0.jar
[18:55:43] [main/INFO] [FML]: Loading tweaker org.spongepowered.asm.launch.MixinTweaker from fancymenu_forge_2.12.6_MC_1.12-1.12.2.jar
[18:55:43] [main/WARN] [FML]: Found FMLCorePluginContainsFMLMod marker in foamfix-0.10.15-1.12.2.jar. This is not recommended, @Mods should be in a separate jar from the coremod.
[18:55:43] [main/WARN] [FML]: The coremod pl.asie.foamfix.coremod.FoamFixCore does not have a MCVersion annotation, it may cause issues with this version of Minecraft
[18:55:43] [main/WARN] [FML]: The coremod Do not report to Forge! (If you haven't disabled the FoamFix coremod, try disabling it in the config! Note that this bit of text will still appear.) (pl.asie.foamfix.coremod.FoamFixCore) is not signed!
[18:55:43] [main/WARN] [FML]: Found FMLCorePluginContainsFMLMod marker in forgelin-1.8.3.jar. This is not recommended, @Mods should be in a separate jar from the coremod.
[18:55:43] [main/WARN] [FML]: The coremod net.shadowfacts.forgelin.preloader.ForgelinPlugin does not have a MCVersion annotation, it may cause issues with this version of Minecraft
[18:55:43] [main/WARN] [FML]: The coremod ForgelinPlugin (net.shadowfacts.forgelin.preloader.ForgelinPlugin) is not signed!
[18:55:43] [main/WARN] [FML]: Found FMLCorePluginContainsFMLMod marker in futuremc-0.2.11.jar. This is not recommended, @Mods should be in a separate jar from the coremod.
[18:55:43] [main/WARN] [FML]: The coremod FutureMC (thedarkcolour.futuremc.asm.CoreLoader) is not signed!
[18:55:43] [main/WARN] [FML]: The coremod ivorius.ivtoolkit.IvToolkitLoadingPlugin does not have a MCVersion annotation, it may cause issues with this version of Minecraft
[18:55:43] [main/WARN] [FML]: The coremod IvToolkit (ivorius.ivtoolkit.IvToolkitLoadingPlugin) is not signed!
[18:55:43] [main/INFO] [FML]: Loading tweaker org.spongepowered.asm.launch.MixinTweaker from konkrete-1.5.0.jar
[18:55:43] [main/INFO] [FML]: Loading tweaker org.spongepowered.asm.launch.MixinTweaker from konkrete_forge_1.5.3_MC_1.12-1.12.2.jar
[18:55:43] [main/INFO] [FML]: Loading tweaker org.spongepowered.asm.launch.MixinTweaker from MovingWorld-1.12-6.353.jar
[18:55:43] [main/WARN] [FML]: The coremod ObfuscatePlugin (com.mrcrayfish.obfuscate.asm.ObfuscatePlugin) is not signed!
[18:55:43] [main/INFO] [FML]: Loading tweaker optifine.OptiFineForgeTweaker from optifine-1.12.2_HD_U_G5.jar
[18:55:43] [main/WARN] [FML]: Found FMLCorePluginContainsFMLMod marker in oxygen_playerslist-0.11.1.jar. This is not recommended, @Mods should be in a separate jar from the coremod.
[18:55:43] [main/INFO] [FML]: Loading tweaker org.spongepowered.asm.launch.MixinTweaker from surge-2.0.77.jar
[18:55:43] [main/WARN] [FML]: The coremod blusunrize.immersiveengineering.common.asm.IELoadingPlugin does not have a MCVersion annotation, it may cause issues with this version of Minecraft
[18:55:43] [main/WARN] [FML]: The coremod IELoadingPlugin (blusunrize.immersiveengineering.common.asm.IELoadingPlugin) is not signed!
[18:55:43] [main/INFO] [LaunchWrapper]: Loading tweak class name net.minecraftforge.fml.common.launcher.FMLInjectionAndSortingTweaker
[18:55:43] [main/INFO] [LaunchWrapper]: Loading tweak class name org.spongepowered.asm.launch.MixinTweaker
[18:55:43] [main/INFO] [mixin]: SpongePowered MIXIN Subsystem Version=0.8.4 Source=file:/C:/Users/BRETAUDEAU%20Loïc/AppData/Roaming/PyLaunchr/Empisurvie/mods/_mixinbootstrap-1.1.0.jar Service=LaunchWrapper Env=CLIENT
[18:55:44] [main/WARN] [FML]: The coremod de.keksuccino.fancymenu.core.FMCore does not have a MCVersion annotation, it may cause issues with this version of Minecraft
[18:55:44] [main/WARN] [FML]: The coremod FMCore (de.keksuccino.fancymenu.core.FMCore) is not signed!
[18:55:44] [main/WARN] [FML]: The coremod de.keksuccino.konkrete.core.KonkreteCore does not have a MCVersion annotation, it may cause issues with this version of Minecraft
[18:55:44] [main/WARN] [FML]: The coremod KonkreteCore (de.keksuccino.konkrete.core.KonkreteCore) is not signed!
[18:55:44] [main/INFO] [de.keksuccino.konkrete.core.KonkreteCore]: [KONKRETE] LOADING CORE PLUGIN!
[18:55:44] [main/INFO] [STDOUT]: [de.keksuccino.konkrete.core.MixinConfigLoader:loadConfigs:29]: [KONKRETE] Loading Mixin Config: fancymenu.general.mixin.json
[18:55:44] [main/INFO] [mixin]: Compatibility level set to JAVA_8
[18:55:44] [main/INFO] [STDOUT]: [de.keksuccino.konkrete.core.MixinConfigLoader:loadConfigs:29]: [KONKRETE] Loading Mixin Config: fancymenu.general.mixin.json
[18:55:45] [main/WARN] [FML]: The coremod com.elytradev.movingworld.common.asm.coremod.MovingWorldCoreMod does not have a MCVersion annotation, it may cause issues with this version of Minecraft
[18:55:45] [main/WARN] [FML]: The coremod MovingWorldCore (com.elytradev.movingworld.common.asm.coremod.MovingWorldCoreMod) is not signed!
[18:55:45] [main/ERROR] [mixin]: Mixin config mixins.movingworld.json does not specify "minVersion" property
[18:55:45] [main/WARN] [LaunchWrapper]: Tweak class name org.spongepowered.asm.launch.MixinTweaker has already been visited -- skipping
[18:55:45] [main/WARN] [LaunchWrapper]: Tweak class name org.spongepowered.asm.launch.MixinTweaker has already been visited -- skipping
[18:55:45] [main/WARN] [LaunchWrapper]: Tweak class name org.spongepowered.asm.launch.MixinTweaker has already been visited -- skipping
[18:55:45] [main/WARN] [LaunchWrapper]: Tweak class name org.spongepowered.asm.launch.MixinTweaker has already been visited -- skipping
[18:55:45] [main/WARN] [LaunchWrapper]: Tweak class name org.spongepowered.asm.launch.MixinTweaker has already been visited -- skipping
[18:55:45] [main/WARN] [LaunchWrapper]: Tweak class name org.spongepowered.asm.launch.MixinTweaker has already been visited -- skipping
[18:55:45] [main/INFO] [LaunchWrapper]: Loading tweak class name optifine.OptiFineForgeTweaker
[18:55:45] [main/WARN] [LaunchWrapper]: Tweak class name org.spongepowered.asm.launch.MixinTweaker has already been visited -- skipping
[18:55:45] [main/INFO] [LaunchWrapper]: Loading tweak class name net.minecraftforge.fml.common.launcher.FMLDeobfTweaker
[18:55:45] [main/INFO] [LaunchWrapper]: Calling tweak class net.minecraftforge.fml.common.launcher.FMLInjectionAndSortingTweaker
[18:55:45] [main/INFO] [LaunchWrapper]: Calling tweak class net.minecraftforge.fml.common.launcher.FMLInjectionAndSortingTweaker
[18:55:45] [main/INFO] [LaunchWrapper]: Calling tweak class optifine.OptiFineForgeTweaker
[18:55:45] [main/INFO] [STDOUT]: [optifine.OptiFineForgeTweaker:dbg:56]: OptiFineForgeTweaker: acceptOptions
[18:55:45] [main/INFO] [STDOUT]: [optifine.OptiFineForgeTweaker:dbg:56]: OptiFineForgeTweaker: injectIntoClassLoader
[18:55:45] [main/INFO] [STDOUT]: [optifine.OptiFineClassTransformer:dbg:242]: OptiFine ClassTransformer
[18:55:45] [main/INFO] [STDOUT]: [optifine.OptiFineClassTransformer:dbg:242]: OptiFine ZIP file: C:\Users\BRETAUDEAU Loïc\AppData\Roaming\PyLaunchr\Empisurvie\mods\optifine-1.12.2_HD_U_G5.jar
[18:55:45] [main/INFO] [LaunchWrapper]: Calling tweak class net.minecraftforge.fml.relauncher.CoreModManager$FMLPluginWrapper
